[INFO] Scanning for projects...
[INFO]
[INFO] -------------------< com.example:child-inside-child >-------------------
[INFO] Building child-inside-child 1.0-SNAPSHOT
[INFO] --------------------------------[ pom ]---------------------------------
[INFO]
[INFO] --- maven-help-plugin:3.2.0:effective-pom (default-cli) @ child-inside-child ---
[INFO]
Effective POMs, after inheritance, interpolation, and profiles are applied:

<?xml version="1.0" encoding="UTF-8"?>
<!-- ====================================================================== -->
<!--                                                                        -->
<!-- Generated by Maven Help Plugin on 2022-04-12T22:09:34+05:30            -->
<!-- See: http://maven.apache.org/plugins/maven-help-plugin/                -->
<!--                                                                        -->
<!-- ====================================================================== -->
<!-- ====================================================================== -->
<!--                                                                        -->
<!-- Effective POM for project                                              -->
<!-- 'com.example:child-inside-child:pom:1.0-SNAPSHOT'                      -->
<!--                                                                        -->
<!-- ====================================================================== -->
<project xmlns="http://maven.apache.org/POM/4.0.0" xmlns:xsi="http://www.w3.org/2001/XMLSchema-instance" xsi:schemaLocation="http://maven.apache.org/POM/4.0.0 https://maven.apache.org/xsd/maven-4.0.0.xsd">
  <modelVersion>4.0.0</modelVersion>
  <parent>
    <groupId>com.example</groupId>
    <artifactId>child-project</artifactId>
    <version>1.0-SNAPSHOT</version>
  </parent>
  <groupId>com.example</groupId>
  <artifactId>child-inside-child</artifactId>
  <version>1.0-SNAPSHOT</version>
  <packaging>pom</packaging>
  <scm child.scm.url.inherit.append.path="false">
    <url>https://foobar.com/scm</url>
  </scm>
  <repositories>
    <repository>
      <snapshots>
        <enabled>false</enabled>
      </snapshots>
      <id>central</id>
      <name>Central Repository</name>
      <url>https://repo.maven.apache.org/maven2</url>
    </repository>
  </repositories>
  <pluginRepositories>
    <pluginRepository>
      <releases>
        <updatePolicy>never</updatePolicy>
      </releases>
      <snapshots>
        <enabled>false</enabled>
      </snapshots>
      <id>central</id>
      <name>Central Repository</name>
      <url>https://repo.maven.apache.org/maven2</url>
    </pluginRepository>
  </pluginRepositories>
  <build>
    <sourceDirectory>/home/lucifer/IdeaProjects/maven-urls/child-project/child-inside-child/src/main/java</sourceDirectory>
    <scriptSourceDirectory>/home/lucifer/IdeaProjects/maven-urls/child-project/child-inside-child/src/main/scripts</scriptSourceDirectory>
    <testSourceDirectory>/home/lucifer/IdeaProjects/maven-urls/child-project/child-inside-child/src/test/java</testSourceDirectory>
    <outputDirectory>/home/lucifer/IdeaProjects/maven-urls/child-project/child-inside-child/target/classes</outputDirectory>
    <testOutputDirectory>/home/lucifer/IdeaProjects/maven-urls/child-project/child-inside-child/target/test-classes</testOutputDirectory>
    <resources>
      <resource>
        <directory>/home/lucifer/IdeaProjects/maven-urls/child-project/child-inside-child/src/main/resources</directory>
      </resource>
    </resources>
    <testResources>
      <testResource>
        <directory>/home/lucifer/IdeaProjects/maven-urls/child-project/child-inside-child/src/test/resources</directory>
      </testResource>
    </testResources>
    <directory>/home/lucifer/IdeaProjects/maven-urls/child-project/child-inside-child/target</directory>
    <finalName>child-inside-child-1.0-SNAPSHOT</finalName>
    <pluginManagement>
      <plugins>
        <plugin>
          <artifactId>maven-antrun-plugin</artifactId>
          <version>1.3</version>
        </plugin>
        <plugin>
          <artifactId>maven-assembly-plugin</artifactId>
          <version>2.2-beta-5</version>
        </plugin>
        <plugin>
          <artifactId>maven-dependency-plugin</artifactId>
          <version>2.8</version>
        </plugin>
        <plugin>
          <artifactId>maven-release-plugin</artifactId>
          <version>2.5.3</version>
        </plugin>
      </plugins>
    </pluginManagement>
    <plugins>
      <plugin>
        <artifactId>maven-clean-plugin</artifactId>
        <version>2.5</version>
        <executions>
          <execution>
            <id>default-clean</id>
            <phase>clean</phase>
            <goals>
              <goal>clean</goal>
            </goals>
          </execution>
        </executions>
      </plugin>
      <plugin>
        <artifactId>maven-install-plugin</artifactId>
        <version>2.4</version>
        <executions>
          <execution>
            <id>default-install</id>
            <phase>install</phase>
            <goals>
              <goal>install</goal>
            </goals>
          </execution>
        </executions>
      </plugin>
      <plugin>
        <artifactId>maven-deploy-plugin</artifactId>
        <version>2.7</version>
        <executions>
          <execution>
            <id>default-deploy</id>
            <phase>deploy</phase>
            <goals>
              <goal>deploy</goal>
            </goals>
          </execution>
        </executions>
      </plugin>
      <plugin>
        <artifactId>maven-site-plugin</artifactId>
        <version>3.3</version>
        <executions>
          <execution>
            <id>default-site</id>
            <phase>site</phase>
            <goals>
              <goal>site</goal>
            </goals>
            <configuration>
              <outputDirectory>/home/lucifer/IdeaProjects/maven-urls/child-project/child-inside-child/target/site</outputDirectory>
              <reportPlugins>
                <reportPlugin>
                  <groupId>org.apache.maven.plugins</groupId>
                  <artifactId>maven-project-info-reports-plugin</artifactId>
                </reportPlugin>
              </reportPlugins>
            </configuration>
          </execution>
          <execution>
            <id>default-deploy</id>
            <phase>site-deploy</phase>
            <goals>
              <goal>deploy</goal>
            </goals>
            <configuration>
              <outputDirectory>/home/lucifer/IdeaProjects/maven-urls/child-project/child-inside-child/target/site</outputDirectory>
              <reportPlugins>
                <reportPlugin>
                  <groupId>org.apache.maven.plugins</groupId>
                  <artifactId>maven-project-info-reports-plugin</artifactId>
                </reportPlugin>
              </reportPlugins>
            </configuration>
          </execution>
        </executions>
        <configuration>
          <outputDirectory>/home/lucifer/IdeaProjects/maven-urls/child-project/child-inside-child/target/site</outputDirectory>
          <reportPlugins>
            <reportPlugin>
              <groupId>org.apache.maven.plugins</groupId>
              <artifactId>maven-project-info-reports-plugin</artifactId>
            </reportPlugin>
          </reportPlugins>
        </configuration>
      </plugin>
    </plugins>
  </build>
  <reporting>
    <outputDirectory>/home/lucifer/IdeaProjects/maven-urls/child-project/child-inside-child/target/site</outputDirectory>
  </reporting>
</project>


[INFO] ------------------------------------------------------------------------
[INFO] BUILD SUCCESS
[INFO] ------------------------------------------------------------------------
[INFO] Total time:  0.906 s
[INFO] Finished at: 2022-04-12T22:09:34+05:30
[INFO] ------------------------------------------------------------------------
